<?xml version="1.0" encoding="UTF-8"?>
<testsuite xmlns:xsi="http://www.w3.org/2001/XMLSchema-instance" xsi:noNamespaceSchemaLocation="https://maven.apache.org/surefire/maven-surefire-plugin/xsd/surefire-test-report.xsd" name="testingPpt.jenkinsTest.AppTest" time="0.046" tests="2" errors="0" skipped="0" failures="1">
  <properties>
[...]
</properties>
  <testcase name="shouldAnswerWithTrue" classname="testingPpt.jenkinsTest.AppTest" time="0.007"/>
  <testcase name="shouldAnswerWithfalse" classname="testingPpt.jenkinsTest.AppTest" time="0.005">
    <failure message="expected:&lt;Hello World[1]&gt; but was:&lt;Hello World[]&gt;" type="org.junit.ComparisonFailure"><![CDATA[org.junit.ComparisonFailure: expected:<Hello World[1]> but was:<Hello World[]>
	at testingPpt.jenkinsTest.AppTest.shouldAnswerWithfalse(AppTest.java:27)
]]></failure>
  </testcase>
</testsuite>